10:52:23.178 [background-preinit] INFO  org.hibernate.validator.internal.util.Version - HV000001: Hibernate Validator 6.2.5.Final
10:52:23.257 [main] INFO  com.mdd.transfer.LikeTransferApplication - Starting LikeTransferApplication using Java 1.8.0_361 on DESKTOP-57FHAH8 with PID 21264 (D:\testProject\likeadmin-new\server\like-transfer\target\classes started by Administrator in D:\testProject\likeadmin-new)
10:52:23.262 [main] INFO  com.mdd.transfer.LikeTransferApplication - The following 1 profile is active: "dev"
10:52:25.398 [main] INFO  org.apache.coyote.http11.Http11NioProtocol - Initializing ProtocolHandler ["http-nio-8089"]
10:52:25.398 [main] INFO  org.apache.catalina.core.StandardService - Starting service [Tomcat]
10:52:25.400 [main] INFO  org.apache.catalina.core.StandardEngine - Starting Servlet engine: [Apache Tomcat/9.0.68]
10:52:25.670 [main] INFO  org.apache.catalina.core.ContainerBase.[Tomcat].[localhost].[/] - Initializing Spring embedded WebApplicationContext
10:52:26.729 [main] INFO  com.zaxxer.hikari.HikariDataSource - DateSourceHikariCP - Starting...
10:52:26.918 [main] INFO  com.zaxxer.hikari.HikariDataSource - DateSourceHikariCP - Start completed.
10:52:30.213 [main] INFO  org.apache.coyote.http11.Http11NioProtocol - Starting ProtocolHandler ["http-nio-8089"]
10:52:30.606 [main] INFO  com.mdd.transfer.LikeTransferApplication - Started LikeTransferApplication in 8.261 seconds (JVM running for 10.387)
10:53:18.635 [SpringApplicationShutdownHook] INFO  com.zaxxer.hikari.HikariDataSource - DateSourceHikariCP - Shutdown initiated...
10:53:18.640 [SpringApplicationShutdownHook] INFO  com.zaxxer.hikari.HikariDataSource - DateSourceHikariCP - Shutdown completed.
10:53:32.781 [background-preinit] INFO  org.hibernate.validator.internal.util.Version - HV000001: Hibernate Validator 6.2.5.Final
10:53:32.924 [main] INFO  com.mdd.payadmin.LikePayAdminApplication - Starting LikePayAdminApplication using Java 1.8.0_361 on DESKTOP-57FHAH8 with PID 24144 (D:\testProject\likeadmin-new\server\like-payAdmin\target\classes started by Administrator in D:\testProject\likeadmin-new)
10:53:32.933 [main] INFO  com.mdd.payadmin.LikePayAdminApplication - The following 1 profile is active: "dev"
10:53:37.931 [main] INFO  org.apache.coyote.http11.Http11NioProtocol - Initializing ProtocolHandler ["http-nio-8086"]
10:53:37.932 [main] INFO  org.apache.catalina.core.StandardService - Starting service [Tomcat]
10:53:37.933 [main] INFO  org.apache.catalina.core.StandardEngine - Starting Servlet engine: [Apache Tomcat/9.0.68]
10:53:38.738 [main] INFO  org.apache.catalina.core.ContainerBase.[Tomcat].[localhost].[/] - Initializing Spring embedded WebApplicationContext
10:53:40.853 [main] INFO  com.zaxxer.hikari.HikariDataSource - DateSourceHikariCP - Starting...
10:53:41.006 [main] INFO  com.zaxxer.hikari.HikariDataSource - DateSourceHikariCP - Start completed.
10:53:43.510 [main] INFO  org.quartz.impl.StdSchedulerFactory - Using default implementation for ThreadExecutor
10:53:43.535 [main] INFO  org.quartz.core.SchedulerSignalerImpl - Initialized Scheduler Signaller of type: class org.quartz.core.SchedulerSignalerImpl
10:53:43.535 [main] INFO  org.quartz.core.QuartzScheduler - Quartz Scheduler v.2.3.2 created.
10:53:43.537 [main] INFO  org.quartz.simpl.RAMJobStore - RAMJobStore initialized.
10:53:43.538 [main] INFO  org.quartz.core.QuartzScheduler - Scheduler meta-data: Quartz Scheduler (v2.3.2) 'quartzScheduler' with instanceId 'NON_CLUSTERED'
  Scheduler class: 'org.quartz.core.QuartzScheduler' - running locally.
  NOT STARTED.
  Currently in standby mode.
  Number of jobs executed: 0
  Using thread pool 'org.quartz.simpl.SimpleThreadPool' - with 10 threads.
  Using job-store 'org.quartz.simpl.RAMJobStore' - which does not support persistence. and is not clustered.

10:53:43.538 [main] INFO  org.quartz.impl.StdSchedulerFactory - Quartz scheduler 'quartzScheduler' initialized from an externally provided properties instance.
10:53:43.539 [main] INFO  org.quartz.impl.StdSchedulerFactory - Quartz scheduler version: 2.3.2
10:53:43.539 [main] INFO  org.quartz.core.QuartzScheduler - JobFactory set to: org.springframework.scheduling.quartz.SpringBeanJobFactory@681311a7
10:53:45.753 [main] INFO  org.apache.coyote.http11.Http11NioProtocol - Starting ProtocolHandler ["http-nio-8086"]
10:53:46.780 [main] INFO  org.quartz.core.QuartzScheduler - Scheduler quartzScheduler_$_NON_CLUSTERED started.
10:53:46.790 [main] INFO  com.mdd.payadmin.LikePayAdminApplication - Started LikePayAdminApplication in 14.878 seconds (JVM running for 16.977)
10:55:13.543 [http-nio-8086-exec-1] INFO  org.apache.catalina.core.ContainerBase.[Tomcat].[localhost].[/] - Initializing Spring DispatcherServlet 'dispatcherServlet'
10:56:03.489 [background-preinit] INFO  org.hibernate.validator.internal.util.Version - HV000001: Hibernate Validator 6.2.5.Final
10:56:03.540 [main] INFO  com.mdd.mobile.LikeMobileApplication - Starting LikeMobileApplication using Java 1.8.0_361 on DESKTOP-57FHAH8 with PID 17704 (D:\testProject\likeadmin-new\server\like-mobile\target\classes started by Administrator in D:\testProject\likeadmin-new)
10:56:03.543 [main] INFO  com.mdd.mobile.LikeMobileApplication - The following 1 profile is active: "dev"
10:56:04.935 [main] INFO  org.apache.coyote.http11.Http11NioProtocol - Initializing ProtocolHandler ["http-nio-8085"]
10:56:04.936 [main] INFO  org.apache.catalina.core.StandardService - Starting service [Tomcat]
10:56:04.936 [main] INFO  org.apache.catalina.core.StandardEngine - Starting Servlet engine: [Apache Tomcat/9.0.68]
10:56:05.120 [main] INFO  org.apache.catalina.core.ContainerBase.[Tomcat].[localhost].[/] - Initializing Spring embedded WebApplicationContext
10:56:06.108 [main] INFO  com.zaxxer.hikari.HikariDataSource - DateSourceHikariCP - Starting...
10:56:06.235 [main] INFO  com.zaxxer.hikari.HikariDataSource - DateSourceHikariCP - Start completed.
10:56:08.193 [main] INFO  org.apache.coyote.http11.Http11NioProtocol - Starting ProtocolHandler ["http-nio-8085"]
10:56:08.593 [main] INFO  com.mdd.mobile.LikeMobileApplication - Started LikeMobileApplication in 5.528 seconds (JVM running for 7.11)
10:56:18.998 [SpringApplicationShutdownHook] INFO  org.quartz.core.QuartzScheduler - Scheduler quartzScheduler_$_NON_CLUSTERED paused.
10:56:19.111 [SpringApplicationShutdownHook] INFO  org.quartz.core.QuartzScheduler - Scheduler quartzScheduler_$_NON_CLUSTERED shutting down.
10:56:19.111 [SpringApplicationShutdownHook] INFO  org.quartz.core.QuartzScheduler - Scheduler quartzScheduler_$_NON_CLUSTERED paused.
10:56:19.112 [SpringApplicationShutdownHook] INFO  org.quartz.core.QuartzScheduler - Scheduler quartzScheduler_$_NON_CLUSTERED shutdown complete.
10:56:19.187 [SpringApplicationShutdownHook] INFO  com.zaxxer.hikari.HikariDataSource - DateSourceHikariCP - Shutdown initiated...
10:56:19.190 [SpringApplicationShutdownHook] INFO  com.zaxxer.hikari.HikariDataSource - DateSourceHikariCP - Shutdown completed.
10:56:19.376 [SpringApplicationShutdownHook] INFO  com.zaxxer.hikari.HikariDataSource - DateSourceHikariCP - Shutdown initiated...
10:56:19.380 [SpringApplicationShutdownHook] INFO  com.zaxxer.hikari.HikariDataSource - DateSourceHikariCP - Shutdown completed.
